  [1m[35m (1.0ms)[0m  [1m[34mSELECT "schema_migrations"."version" FROM "schema_migrations" ORDER BY "schema_migrations"."version" ASC[0m
  ↳ /Users/hugo/.rvm/gems/ruby-2.5.1/bin/rake:23
  [1m[35m (0.3ms)[0m  [1m[34mSELECT "ar_internal_metadata"."value" FROM "ar_internal_metadata" WHERE "ar_internal_metadata"."key" = $1[0m  [["key", "environment"]]
  ↳ /Users/hugo/.rvm/gems/ruby-2.5.1/bin/rake:23
  [1m[35m (0.2ms)[0m  [1m[34mSELECT "schema_migrations"."version" FROM "schema_migrations" ORDER BY "schema_migrations"."version" ASC[0m
  ↳ /Users/hugo/.rvm/gems/ruby-2.5.1/bin/rake:23
  [1m[35m (0.2ms)[0m  [1m[34mSELECT "ar_internal_metadata"."value" FROM "ar_internal_metadata" WHERE "ar_internal_metadata"."key" = $1[0m  [["key", "environment"]]
  ↳ /Users/hugo/.rvm/gems/ruby-2.5.1/bin/rake:23
  [1m[35m (0.4ms)[0m  [1m[34mSELECT "schema_migrations"."version" FROM "schema_migrations" ORDER BY "schema_migrations"."version" ASC[0m
  ↳ /Users/hugo/.rvm/gems/ruby-2.5.1/bin/rake:23
  [1m[35m (0.4ms)[0m  [1m[34mSELECT "ar_internal_metadata"."value" FROM "ar_internal_metadata" WHERE "ar_internal_metadata"."key" = $1[0m  [["key", "environment"]]
  ↳ /Users/hugo/.rvm/gems/ruby-2.5.1/bin/rake:23
  [1m[35m (63.8ms)[0m  [1m[35mDROP DATABASE IF EXISTS "todolist-app_development"[0m
  ↳ /Users/hugo/.rvm/gems/ruby-2.5.1/bin/rake:23
  [1m[35m (47.7ms)[0m  [1m[35mDROP DATABASE IF EXISTS "todolist-app_test"[0m
  ↳ /Users/hugo/.rvm/gems/ruby-2.5.1/bin/rake:23
  [1m[35m (153.4ms)[0m  [1m[35mCREATE DATABASE "todolist-app_development" ENCODING = 'unicode'[0m
  ↳ bin/rails:9
  [1m[35m (154.8ms)[0m  [1m[35mCREATE DATABASE "todolist-app_test" ENCODING = 'unicode'[0m
  ↳ bin/rails:9
  [1m[35m (5.4ms)[0m  [1m[35mCREATE TABLE "schema_migrations" ("version" character varying NOT NULL PRIMARY KEY)[0m
  ↳ bin/rails:9
  [1m[35m (2.7ms)[0m  [1m[35mCREATE TABLE "ar_internal_metadata" ("key" character varying NOT NULL PRIMARY KEY, "value" character varying, "created_at" timestamp NOT NULL, "updated_at" timestamp NOT NULL)[0m
  ↳ bin/rails:9
  [1m[35m (0.8ms)[0m  [1m[34mSELECT pg_try_advisory_lock(34377518426153490)[0m
  ↳ bin/rails:9
  [1m[35m (0.6ms)[0m  [1m[34mSELECT "schema_migrations"."version" FROM "schema_migrations" ORDER BY "schema_migrations"."version" ASC[0m
  ↳ bin/rails:9
Migrating to DeviseCreateUsers (20181115104424)
  [1m[35m (0.2ms)[0m  [1m[35mBEGIN[0m
  ↳ bin/rails:9
  [1m[35m (15.6ms)[0m  [1m[35mCREATE TABLE "users" ("id" bigserial primary key, "email" character varying DEFAULT '' NOT NULL, "encrypted_password" character varying DEFAULT '' NOT NULL, "reset_password_token" character varying, "reset_password_sent_at" timestamp, "remember_created_at" timestamp, "created_at" timestamp NOT NULL, "updated_at" timestamp NOT NULL)[0m
  ↳ db/migrate/20181115104424_devise_create_users.rb:5
  [1m[35m (5.7ms)[0m  [1m[35mCREATE UNIQUE INDEX  "index_users_on_email" ON "users"  ("email")[0m
  ↳ db/migrate/20181115104424_devise_create_users.rb:39
  [1m[35m (0.9ms)[0m  [1m[35mCREATE UNIQUE INDEX  "index_users_on_reset_password_token" ON "users"  ("reset_password_token")[0m
  ↳ db/migrate/20181115104424_devise_create_users.rb:40
  [1m[36mActiveRecord::SchemaMigration Create (0.5ms)[0m  [1m[32mINSERT INTO "schema_migrations" ("version") VALUES ($1) RETURNING "version"[0m  [["version", "20181115104424"]]
  ↳ bin/rails:9
  [1m[35m (0.4ms)[0m  [1m[35mCOMMIT[0m
  ↳ bin/rails:9
Migrating to CreateCategories (20181115131426)
  [1m[35m (5.8ms)[0m  [1m[35mBEGIN[0m
  ↳ bin/rails:9
  [1m[35m (14.8ms)[0m  [1m[35mCREATE TABLE "categories" ("id" bigserial primary key, "title" character varying, "created_at" timestamp NOT NULL, "updated_at" timestamp NOT NULL)[0m
  ↳ db/migrate/20181115131426_create_categories.rb:3
  [1m[36mActiveRecord::SchemaMigration Create (0.3ms)[0m  [1m[32mINSERT INTO "schema_migrations" ("version") VALUES ($1) RETURNING "version"[0m  [["version", "20181115131426"]]
  ↳ bin/rails:9
  [1m[35m (4.8ms)[0m  [1m[35mCOMMIT[0m
  ↳ bin/rails:9
Migrating to CreateTasks (20181116110123)
  [1m[35m (6.2ms)[0m  [1m[35mBEGIN[0m
  ↳ bin/rails:9
  [1m[35m (14.3ms)[0m  [1m[35mCREATE TABLE "tasks" ("id" bigserial primary key, "created_at" timestamp NOT NULL, "updated_at" timestamp NOT NULL, "title" character varying, "status" boolean DEFAULT FALSE, "deadline" timestamp, "category_id" bigint)[0m
  ↳ db/migrate/20181116110123_create_tasks.rb:3
  [1m[35m (0.9ms)[0m  [1m[35mCREATE  INDEX  "index_tasks_on_category_id" ON "tasks"  ("category_id")[0m
  ↳ db/migrate/20181116110123_create_tasks.rb:3
  [1m[36mActiveRecord::SchemaMigration Create (0.3ms)[0m  [1m[32mINSERT INTO "schema_migrations" ("version") VALUES ($1) RETURNING "version"[0m  [["version", "20181116110123"]]
  ↳ bin/rails:9
  [1m[35m (0.3ms)[0m  [1m[35mCOMMIT[0m
  ↳ bin/rails:9
Migrating to AddImagetoTask (20181116110124)
  [1m[35m (11.3ms)[0m  [1m[35mBEGIN[0m
  ↳ bin/rails:9
  [1m[35m (0.5ms)[0m  [1m[35mALTER TABLE "tasks" ADD "image" character varying[0m
  ↳ db/migrate/20181116110124_add_imageto_task.rb:3
  [1m[36mActiveRecord::SchemaMigration Create (0.3ms)[0m  [1m[32mINSERT INTO "schema_migrations" ("version") VALUES ($1) RETURNING "version"[0m  [["version", "20181116110124"]]
  ↳ bin/rails:9
  [1m[35m (8.3ms)[0m  [1m[35mCOMMIT[0m
  ↳ bin/rails:9
Migrating to CreateEmails (20200305092535)
  [1m[35m (0.3ms)[0m  [1m[35mBEGIN[0m
  ↳ bin/rails:9
  [1m[35m (13.9ms)[0m  [1m[35mCREATE TABLE "emails" ("id" bigserial primary key, "object" character varying, "body" text, "created_at" timestamp NOT NULL, "updated_at" timestamp NOT NULL)[0m
  ↳ db/migrate/20200305092535_create_emails.rb:3
  [1m[36mActiveRecord::SchemaMigration Create (0.3ms)[0m  [1m[32mINSERT INTO "schema_migrations" ("version") VALUES ($1) RETURNING "version"[0m  [["version", "20200305092535"]]
  ↳ bin/rails:9
  [1m[35m (9.0ms)[0m  [1m[35mCOMMIT[0m
  ↳ bin/rails:9
Migrating to AddReadToEmails (20200305165502)
  [1m[35m (6.3ms)[0m  [1m[35mBEGIN[0m
  ↳ bin/rails:9
  [1m[35m (0.4ms)[0m  [1m[35mALTER TABLE "emails" ADD "read" boolean DEFAULT FALSE[0m
  ↳ db/migrate/20200305165502_add_read_to_emails.rb:3
  [1m[36mActiveRecord::SchemaMigration Create (0.3ms)[0m  [1m[32mINSERT INTO "schema_migrations" ("version") VALUES ($1) RETURNING "version"[0m  [["version", "20200305165502"]]
  ↳ bin/rails:9
  [1m[35m (6.2ms)[0m  [1m[35mCOMMIT[0m
  ↳ bin/rails:9
  [1m[36mActiveRecord::InternalMetadata Load (0.3ms)[0m  [1m[34mSELECT  "ar_internal_metadata".* FROM "ar_internal_metadata" WHERE "ar_internal_metadata"."key" = $1 LIMIT $2[0m  [["key", "environment"], ["LIMIT", 1]]
  ↳ bin/rails:9
  [1m[35m (0.2ms)[0m  [1m[35mBEGIN[0m
  ↳ bin/rails:9
  [1m[36mActiveRecord::InternalMetadata Create (0.6ms)[0m  [1m[32mINSERT INTO "ar_internal_metadata" ("key", "value", "created_at", "updated_at") VALUES ($1, $2, $3, $4) RETURNING "key"[0m  [["key", "environment"], ["value", "development"], ["created_at", "2020-08-27 17:19:33.091377"], ["updated_at", "2020-08-27 17:19:33.091377"]]
  ↳ bin/rails:9
  [1m[35m (0.3ms)[0m  [1m[35mCOMMIT[0m
  ↳ bin/rails:9
  [1m[35m (0.2ms)[0m  [1m[34mSELECT pg_advisory_unlock(34377518426153490)[0m
  ↳ bin/rails:9
  [1m[35m (0.4ms)[0m  [1m[34mSELECT "schema_migrations"."version" FROM "schema_migrations" ORDER BY "schema_migrations"."version" ASC[0m
  ↳ bin/rails:9
  [1m[35m (0.6ms)[0m  [1m[34mSELECT "schema_migrations"."version" FROM "schema_migrations" ORDER BY "schema_migrations"."version" ASC[0m
  ↳ bin/rails:9
  [1m[36mEmail Load (0.6ms)[0m  [1m[34mSELECT "emails".* FROM "emails"[0m
  ↳ db/seeds.rb:11
  [1m[36mCategory Load (0.4ms)[0m  [1m[34mSELECT "categories".* FROM "categories"[0m
  ↳ db/seeds.rb:12
  [1m[36mTask Load (0.5ms)[0m  [1m[34mSELECT "tasks".* FROM "tasks"[0m
  ↳ db/seeds.rb:13
  [1m[35m (0.1ms)[0m  [1m[35mBEGIN[0m
  ↳ db/seeds.rb:16
  [1m[36mCategory Create (0.6ms)[0m  [1m[32mINSERT INTO "categories" ("title", "created_at", "updated_at") VALUES ($1, $2, $3) RETURNING "id"[0m  [["title", "Science fiction"], ["created_at", "2020-08-27 17:19:39.947171"], ["updated_at", "2020-08-27 17:19:39.947171"]]
  ↳ db/seeds.rb:16
  [1m[35m (6.3ms)[0m  [1m[35mCOMMIT[0m
  ↳ db/seeds.rb:16
  [1m[35m (0.1ms)[0m  [1m[35mBEGIN[0m
  ↳ db/seeds.rb:22
  [1m[36mTask Create (0.6ms)[0m  [1m[32mINSERT INTO "tasks" ("created_at", "updated_at", "title", "deadline", "category_id", "image") VALUES ($1, $2, $3, $4, $5, $6) RETURNING "id"[0m  [["created_at", "2020-08-27 17:19:39.972578"], ["updated_at", "2020-08-27 17:19:39.972578"], ["title", "I Know Why the Caged Bird Sings"], ["deadline", "2020-09-03 00:00:00"], ["category_id", 1], ["image", "https://robohash.org/quamrerumqui.png?size=300x300&set=set1"]]
  ↳ db/seeds.rb:22
  [1m[35m (6.1ms)[0m  [1m[35mCOMMIT[0m
  ↳ db/seeds.rb:22
  [1m[35m (0.2ms)[0m  [1m[35mBEGIN[0m
  ↳ db/seeds.rb:22
  [1m[36mTask Create (0.3ms)[0m  [1m[32mINSERT INTO "tasks" ("created_at", "updated_at", "title", "deadline", "category_id", "image") VALUES ($1, $2, $3, $4, $5, $6) RETURNING "id"[0m  [["created_at", "2020-08-27 17:19:39.981854"], ["updated_at", "2020-08-27 17:19:39.981854"], ["title", "In Dubious Battle"], ["deadline", "2020-09-05 00:00:00"], ["category_id", 1], ["image", "https://robohash.org/natusvoluptasrerum.png?size=300x300&set=set1"]]
  ↳ db/seeds.rb:22
  [1m[35m (6.3ms)[0m  [1m[35mCOMMIT[0m
  ↳ db/seeds.rb:22
  [1m[35m (0.2ms)[0m  [1m[35mBEGIN[0m
  ↳ db/seeds.rb:22
  [1m[36mTask Create (0.9ms)[0m  [1m[32mINSERT INTO "tasks" ("created_at", "updated_at", "title", "deadline", "category_id", "image") VALUES ($1, $2, $3, $4, $5, $6) RETURNING "id"[0m  [["created_at", "2020-08-27 17:19:39.991255"], ["updated_at", "2020-08-27 17:19:39.991255"], ["title", "Blithe Spirit"], ["deadline", "2020-09-18 00:00:00"], ["category_id", 1], ["image", "https://robohash.org/nobistemporased.png?size=300x300&set=set1"]]
  ↳ db/seeds.rb:22
  [1m[35m (5.1ms)[0m  [1m[35mCOMMIT[0m
  ↳ db/seeds.rb:22
  [1m[35m (0.3ms)[0m  [1m[35mBEGIN[0m
  ↳ db/seeds.rb:16
  [1m[36mCategory Create (0.2ms)[0m  [1m[32mINSERT INTO "categories" ("title", "created_at", "updated_at") VALUES ($1, $2, $3) RETURNING "id"[0m  [["title", "Legend"], ["created_at", "2020-08-27 17:19:39.999722"], ["updated_at", "2020-08-27 17:19:39.999722"]]
  ↳ db/seeds.rb:16
  [1m[35m (0.3ms)[0m  [1m[35mCOMMIT[0m
  ↳ db/seeds.rb:16
  [1m[35m (0.1ms)[0m  [1m[35mBEGIN[0m
  ↳ db/seeds.rb:22
  [1m[36mTask Create (0.3ms)[0m  [1m[32mINSERT INTO "tasks" ("created_at", "updated_at", "title", "deadline", "category_id", "image") VALUES ($1, $2, $3, $4, $5, $6) RETURNING "id"[0m  [["created_at", "2020-08-27 17:19:40.002044"], ["updated_at", "2020-08-27 17:19:40.002044"], ["title", "The Man Within"], ["deadline", "2020-08-28 00:00:00"], ["category_id", 2], ["image", "https://robohash.org/delenitieligendinecessitatibus.png?size=300x300&set=set1"]]
  ↳ db/seeds.rb:22
  [1m[35m (0.4ms)[0m  [1m[35mCOMMIT[0m
  ↳ db/seeds.rb:22
  [1m[35m (0.2ms)[0m  [1m[35mBEGIN[0m
  ↳ db/seeds.rb:22
  [1m[36mTask Create (0.3ms)[0m  [1m[32mINSERT INTO "tasks" ("created_at", "updated_at", "title", "deadline", "category_id", "image") VALUES ($1, $2, $3, $4, $5, $6) RETURNING "id"[0m  [["created_at", "2020-08-27 17:19:40.004792"], ["updated_at", "2020-08-27 17:19:40.004792"], ["title", "The Soldier's Art"], ["deadline", "2020-09-10 00:00:00"], ["category_id", 2], ["image", "https://robohash.org/minusofficiisdoloribus.png?size=300x300&set=set1"]]
  ↳ db/seeds.rb:22
  [1m[35m (0.4ms)[0m  [1m[35mCOMMIT[0m
  ↳ db/seeds.rb:22
  [1m[35m (0.2ms)[0m  [1m[35mBEGIN[0m
  ↳ db/seeds.rb:22
  [1m[36mTask Create (0.3ms)[0m  [1m[32mINSERT INTO "tasks" ("created_at", "updated_at", "title", "deadline", "category_id", "image") VALUES ($1, $2, $3, $4, $5, $6) RETURNING "id"[0m  [["created_at", "2020-08-27 17:19:40.007576"], ["updated_at", "2020-08-27 17:19:40.007576"], ["title", "From Here to Eternity"], ["deadline", "2020-08-28 00:00:00"], ["category_id", 2], ["image", "https://robohash.org/eumrerumquasi.png?size=300x300&set=set1"]]
  ↳ db/seeds.rb:22
  [1m[35m (0.4ms)[0m  [1m[35mCOMMIT[0m
  ↳ db/seeds.rb:22
  [1m[35m (0.2ms)[0m  [1m[35mBEGIN[0m
  ↳ db/seeds.rb:16
  [1m[36mCategory Create (0.2ms)[0m  [1m[32mINSERT INTO "categories" ("title", "created_at", "updated_at") VALUES ($1, $2, $3) RETURNING "id"[0m  [["title", "Mythopoeia"], ["created_at", "2020-08-27 17:19:40.010231"], ["updated_at", "2020-08-27 17:19:40.010231"]]
  ↳ db/seeds.rb:16
  [1m[35m (0.4ms)[0m  [1m[35mCOMMIT[0m
  ↳ db/seeds.rb:16
  [1m[35m (0.2ms)[0m  [1m[35mBEGIN[0m
  ↳ db/seeds.rb:22
  [1m[36mTask Create (0.3ms)[0m  [1m[32mINSERT INTO "tasks" ("created_at", "updated_at", "title", "deadline", "category_id", "image") VALUES ($1, $2, $3, $4, $5, $6) RETURNING "id"[0m  [["created_at", "2020-08-27 17:19:40.012936"], ["updated_at", "2020-08-27 17:19:40.012936"], ["title", "Bury My Heart at Wounded Knee"], ["deadline", "2020-09-12 00:00:00"], ["category_id", 3], ["image", "https://robohash.org/officiabeataequia.png?size=300x300&set=set1"]]
  ↳ db/seeds.rb:22
  [1m[35m (0.4ms)[0m  [1m[35mCOMMIT[0m
  ↳ db/seeds.rb:22
  [1m[35m (0.2ms)[0m  [1m[35mBEGIN[0m
  ↳ db/seeds.rb:22
  [1m[36mTask Create (0.3ms)[0m  [1m[32mINSERT INTO "tasks" ("created_at", "updated_at", "title", "deadline", "category_id", "image") VALUES ($1, $2, $3, $4, $5, $6) RETURNING "id"[0m  [["created_at", "2020-08-27 17:19:40.015913"], ["updated_at", "2020-08-27 17:19:40.015913"], ["title", "A Glass of Blessings"], ["deadline", "2020-09-04 00:00:00"], ["category_id", 3], ["image", "https://robohash.org/estetdeserunt.png?size=300x300&set=set1"]]
  ↳ db/seeds.rb:22
  [1m[35m (0.3ms)[0m  [1m[35mCOMMIT[0m
  ↳ db/seeds.rb:22
  [1m[35m (0.1ms)[0m  [1m[35mBEGIN[0m
  ↳ db/seeds.rb:22
  [1m[36mTask Create (0.2ms)[0m  [1m[32mINSERT INTO "tasks" ("created_at", "updated_at", "title", "deadline", "category_id", "image") VALUES ($1, $2, $3, $4, $5, $6) RETURNING "id"[0m  [["created_at", "2020-08-27 17:19:40.018263"], ["updated_at", "2020-08-27 17:19:40.018263"], ["title", "In Death Ground"], ["deadline", "2020-09-06 00:00:00"], ["category_id", 3], ["image", "https://robohash.org/dictafugiatconsequatur.png?size=300x300&set=set1"]]
  ↳ db/seeds.rb:22
  [1m[35m (0.3ms)[0m  [1m[35mCOMMIT[0m
  ↳ db/seeds.rb:22
  [1m[35m (0.1ms)[0m  [1m[35mBEGIN[0m
  ↳ db/seeds.rb:27
  [1m[36mEmail Create (0.7ms)[0m  [1m[32mINSERT INTO "emails" ("object", "body", "created_at", "updated_at") VALUES ($1, $2, $3, $4) RETURNING "id"[0m  [["object", "Crucio"], ["body", "To the well-organized mind, death is but the next great adventure."], ["created_at", "2020-08-27 17:19:40.025722"], ["updated_at", "2020-08-27 17:19:40.025722"]]
  ↳ db/seeds.rb:27
  [1m[35m (0.3ms)[0m  [1m[35mCOMMIT[0m
  ↳ db/seeds.rb:27
  [1m[35m (0.1ms)[0m  [1m[35mBEGIN[0m
  ↳ db/seeds.rb:27
  [1m[36mEmail Create (0.2ms)[0m  [1m[32mINSERT INTO "emails" ("object", "body", "created_at", "updated_at") VALUES ($1, $2, $3, $4) RETURNING "id"[0m  [["object", "Reparo"], ["body", "After all this time? Always."], ["created_at", "2020-08-27 17:19:40.028284"], ["updated_at", "2020-08-27 17:19:40.028284"]]
  ↳ db/seeds.rb:27
  [1m[35m (0.3ms)[0m  [1m[35mCOMMIT[0m
  ↳ db/seeds.rb:27
  [1m[35m (0.1ms)[0m  [1m[35mBEGIN[0m
  ↳ db/seeds.rb:27
  [1m[36mEmail Create (0.2ms)[0m  [1m[32mINSERT INTO "emails" ("object", "body", "created_at", "updated_at") VALUES ($1, $2, $3, $4) RETURNING "id"[0m  [["object", "Revelio"], ["body", "It is our choices, Harry, that show what we truly are, far more than our abilities."], ["created_at", "2020-08-27 17:19:40.030093"], ["updated_at", "2020-08-27 17:19:40.030093"]]
  ↳ db/seeds.rb:27
  [1m[35m (0.3ms)[0m  [1m[35mCOMMIT[0m
  ↳ db/seeds.rb:27
  [1m[35m (0.1ms)[0m  [1m[35mBEGIN[0m
  ↳ db/seeds.rb:27
  [1m[36mEmail Create (0.2ms)[0m  [1m[32mINSERT INTO "emails" ("object", "body", "created_at", "updated_at") VALUES ($1, $2, $3, $4) RETURNING "id"[0m  [["object", "Lumos"], ["body", "It is our choices, Harry, that show what we truly are, far more than our abilities."], ["created_at", "2020-08-27 17:19:40.031920"], ["updated_at", "2020-08-27 17:19:40.031920"]]
  ↳ db/seeds.rb:27
  [1m[35m (0.3ms)[0m  [1m[35mCOMMIT[0m
  ↳ db/seeds.rb:27
  [1m[35m (0.1ms)[0m  [1m[35mBEGIN[0m
  ↳ db/seeds.rb:27
  [1m[36mEmail Create (0.2ms)[0m  [1m[32mINSERT INTO "emails" ("object", "body", "created_at", "updated_at") VALUES ($1, $2, $3, $4) RETURNING "id"[0m  [["object", "Expelliarmus"], ["body", "Things we lose have a way of coming back to us in the end, if not always in the way we expect."], ["created_at", "2020-08-27 17:19:40.033709"], ["updated_at", "2020-08-27 17:19:40.033709"]]
  ↳ db/seeds.rb:27
  [1m[35m (0.3ms)[0m  [1m[35mCOMMIT[0m
  ↳ db/seeds.rb:27
Started GET "/" for ::1 at 2020-08-27 19:19:52 +0200
  [1m[35m (0.6ms)[0m  [1m[34mSELECT "schema_migrations"."version" FROM "schema_migrations" ORDER BY "schema_migrations"."version" ASC[0m
  ↳ /Users/hugo/.rvm/gems/ruby-2.5.1/gems/activerecord-5.2.1/lib/active_record/log_subscriber.rb:98
Processing by EmailsController#index as HTML
  Rendering emails/index.html.erb within layouts/application
  [1m[36mEmail Load (1.5ms)[0m  [1m[34mSELECT "emails".* FROM "emails"[0m
  ↳ app/views/emails/index.html.erb:6
  Rendered emails/index.html.erb within layouts/application (27.0ms)
  Rendered layouts/_flash.html.erb (0.7ms)
Completed 200 OK in 2672ms (Views: 2650.7ms | ActiveRecord: 7.9ms)


Started GET "/emails/3" for ::1 at 2020-08-27 19:19:58 +0200
Processing by EmailsController#show as JS
  Parameters: {"id"=>"3"}
  [1m[36mEmail Load (0.4ms)[0m  [1m[34mSELECT  "emails".* FROM "emails" WHERE "emails"."id" = $1 LIMIT $2[0m  [["id", 3], ["LIMIT", 1]]
  ↳ app/controllers/emails_controller.rb:7
  [1m[35m (0.2ms)[0m  [1m[35mBEGIN[0m
  ↳ app/controllers/emails_controller.rb:8
  [1m[36mEmail Update (0.5ms)[0m  [1m[33mUPDATE "emails" SET "read" = $1, "updated_at" = $2 WHERE "emails"."id" = $3[0m  [["read", true], ["updated_at", "2020-08-27 17:19:58.669177"], ["id", 3]]
  ↳ app/controllers/emails_controller.rb:8
  [1m[35m (1.4ms)[0m  [1m[35mCOMMIT[0m
  ↳ app/controllers/emails_controller.rb:8
  Rendering emails/show.js.erb
  Rendered emails/_show.html.erb (1.1ms)
  Rendered emails/show.js.erb (4.7ms)
Completed 200 OK in 29ms (Views: 16.6ms | ActiveRecord: 2.6ms)


Started GET "/emails/5" for ::1 at 2020-08-27 19:19:59 +0200
Processing by EmailsController#show as JS
  Parameters: {"id"=>"5"}
  [1m[36mEmail Load (0.3ms)[0m  [1m[34mSELECT  "emails".* FROM "emails" WHERE "emails"."id" = $1 LIMIT $2[0m  [["id", 5], ["LIMIT", 1]]
  ↳ app/controllers/emails_controller.rb:7
  [1m[35m (0.2ms)[0m  [1m[35mBEGIN[0m
  ↳ app/controllers/emails_controller.rb:8
  [1m[36mEmail Update (0.3ms)[0m  [1m[33mUPDATE "emails" SET "read" = $1, "updated_at" = $2 WHERE "emails"."id" = $3[0m  [["read", true], ["updated_at", "2020-08-27 17:19:59.720260"], ["id", 5]]
  ↳ app/controllers/emails_controller.rb:8
  [1m[35m (1.2ms)[0m  [1m[35mCOMMIT[0m
  ↳ app/controllers/emails_controller.rb:8
  Rendering emails/show.js.erb
  Rendered emails/_show.html.erb (0.9ms)
  Rendered emails/show.js.erb (3.6ms)
Completed 200 OK in 22ms (Views: 14.5ms | ActiveRecord: 2.1ms)


Started GET "/emails/2" for ::1 at 2020-08-27 19:20:00 +0200
Processing by EmailsController#show as JS
  Parameters: {"id"=>"2"}
  [1m[36mEmail Load (0.3ms)[0m  [1m[34mSELECT  "emails".* FROM "emails" WHERE "emails"."id" = $1 LIMIT $2[0m  [["id", 2], ["LIMIT", 1]]
  ↳ app/controllers/emails_controller.rb:7
  [1m[35m (0.2ms)[0m  [1m[35mBEGIN[0m
  ↳ app/controllers/emails_controller.rb:8
  [1m[36mEmail Update (0.3ms)[0m  [1m[33mUPDATE "emails" SET "read" = $1, "updated_at" = $2 WHERE "emails"."id" = $3[0m  [["read", true], ["updated_at", "2020-08-27 17:20:00.544268"], ["id", 2]]
  ↳ app/controllers/emails_controller.rb:8
  [1m[35m (1.3ms)[0m  [1m[35mCOMMIT[0m
  ↳ app/controllers/emails_controller.rb:8
  Rendering emails/show.js.erb
  Rendered emails/_show.html.erb (0.9ms)
  Rendered emails/show.js.erb (3.4ms)
Completed 200 OK in 23ms (Views: 14.9ms | ActiveRecord: 2.0ms)


Started POST "/emails" for ::1 at 2020-08-27 19:20:01 +0200
Processing by EmailsController#create as JS
  Parameters: {"authenticity_token"=>"twZ0MVp2r6PhNtcNeimLgqkSnhDI6+Z40F2GMHW8Y0BZK1XEUw1qMk1fOq+CzxGanfa/0JQKAOd52FfBygG8WA=="}
  [1m[35m (0.2ms)[0m  [1m[35mBEGIN[0m
  ↳ app/controllers/emails_controller.rb:18
  [1m[36mEmail Create (0.4ms)[0m  [1m[32mINSERT INTO "emails" ("object", "body", "created_at", "updated_at") VALUES ($1, $2, $3, $4) RETURNING "id"[0m  [["object", "Crucio"], ["body", "You're a wizard, Harry."], ["created_at", "2020-08-27 17:20:01.988272"], ["updated_at", "2020-08-27 17:20:01.988272"]]
  ↳ app/controllers/emails_controller.rb:18
  [1m[35m (1.3ms)[0m  [1m[35mCOMMIT[0m
  ↳ app/controllers/emails_controller.rb:18
  Rendering emails/create.js.erb
  Rendered emails/_email.html.erb (0.5ms)
  Rendered emails/create.js.erb (5.1ms)
Completed 200 OK in 262ms (Views: 17.1ms | ActiveRecord: 1.9ms)


Started GET "/emails/5" for ::1 at 2020-08-27 19:20:04 +0200
Processing by EmailsController#show as JS
  Parameters: {"id"=>"5"}
  [1m[36mEmail Load (0.3ms)[0m  [1m[34mSELECT  "emails".* FROM "emails" WHERE "emails"."id" = $1 LIMIT $2[0m  [["id", 5], ["LIMIT", 1]]
  ↳ app/controllers/emails_controller.rb:7
  [1m[35m (0.2ms)[0m  [1m[35mBEGIN[0m
  ↳ app/controllers/emails_controller.rb:8
  [1m[35m (0.2ms)[0m  [1m[35mCOMMIT[0m
  ↳ app/controllers/emails_controller.rb:8
  Rendering emails/show.js.erb
  Rendered emails/_show.html.erb (1.5ms)
  Rendered emails/show.js.erb (4.7ms)
Completed 200 OK in 23ms (Views: 16.2ms | ActiveRecord: 0.7ms)


Started DELETE "/emails/5" for ::1 at 2020-08-27 19:20:05 +0200
Processing by EmailsController#destroy as JS
  Parameters: {"authenticity_token"=>"jUvr3YJEZKqjRwQ1Dt4S1rDgg8GXHDzKa5eOf2IoFAVSoswDCWePcWtNXrwA9UIdsVMhfai8+1b4cMA7SPOVUw==", "id"=>"5"}
  [1m[36mEmail Load (0.5ms)[0m  [1m[34mSELECT  "emails".* FROM "emails" WHERE "emails"."id" = $1 LIMIT $2[0m  [["id", 5], ["LIMIT", 1]]
  ↳ app/controllers/emails_controller.rb:43
  [1m[35m (0.1ms)[0m  [1m[35mBEGIN[0m
  ↳ app/controllers/emails_controller.rb:49
  [1m[36mEmail Destroy (0.5ms)[0m  [1m[31mDELETE FROM "emails" WHERE "emails"."id" = $1[0m  [["id", 5]]
  ↳ app/controllers/emails_controller.rb:49
  [1m[35m (1.6ms)[0m  [1m[35mCOMMIT[0m
  ↳ app/controllers/emails_controller.rb:49
  Rendering emails/destroy.js.erb
  Rendered emails/destroy.js.erb (0.4ms)
Completed 200 OK in 25ms (Views: 13.4ms | ActiveRecord: 2.7ms)


Started GET "/emails/1" for ::1 at 2020-08-27 19:20:05 +0200
Processing by EmailsController#show as JS
  Parameters: {"id"=>"1"}
  [1m[36mEmail Load (0.3ms)[0m  [1m[34mSELECT  "emails".* FROM "emails" WHERE "emails"."id" = $1 LIMIT $2[0m  [["id", 1], ["LIMIT", 1]]
  ↳ app/controllers/emails_controller.rb:7
  [1m[35m (0.1ms)[0m  [1m[35mBEGIN[0m
  ↳ app/controllers/emails_controller.rb:8
  [1m[36mEmail Update (0.3ms)[0m  [1m[33mUPDATE "emails" SET "read" = $1, "updated_at" = $2 WHERE "emails"."id" = $3[0m  [["read", true], ["updated_at", "2020-08-27 17:20:05.945837"], ["id", 1]]
  ↳ app/controllers/emails_controller.rb:8
  [1m[35m (1.3ms)[0m  [1m[35mCOMMIT[0m
  ↳ app/controllers/emails_controller.rb:8
  Rendering emails/show.js.erb
  Rendered emails/_show.html.erb (1.1ms)
  Rendered emails/show.js.erb (4.4ms)
Completed 200 OK in 27ms (Views: 15.3ms | ActiveRecord: 2.0ms)


Started GET "/emails/3" for ::1 at 2020-08-27 19:20:07 +0200
Processing by EmailsController#show as JS
  Parameters: {"id"=>"3"}
  [1m[36mEmail Load (0.2ms)[0m  [1m[34mSELECT  "emails".* FROM "emails" WHERE "emails"."id" = $1 LIMIT $2[0m  [["id", 3], ["LIMIT", 1]]
  ↳ app/controllers/emails_controller.rb:7
  [1m[35m (0.2ms)[0m  [1m[35mBEGIN[0m
  ↳ app/controllers/emails_controller.rb:8
  [1m[35m (0.1ms)[0m  [1m[35mCOMMIT[0m
  ↳ app/controllers/emails_controller.rb:8
  Rendering emails/show.js.erb
  Rendered emails/_show.html.erb (1.0ms)
  Rendered emails/show.js.erb (5.1ms)
Completed 200 OK in 22ms (Views: 16.7ms | ActiveRecord: 0.5ms)


Started DELETE "/emails/3" for ::1 at 2020-08-27 19:20:07 +0200
Processing by EmailsController#destroy as JS
  Parameters: {"authenticity_token"=>"dUBIuVtdXB/mmvIGtTf530zwLxu9W2hQSXw7WHscFm3X9ECqyWZOYSczEnnqw1a4CcXNLWXNMMnB4e9I+IFVzw==", "id"=>"3"}
  [1m[36mEmail Load (0.4ms)[0m  [1m[34mSELECT  "emails".* FROM "emails" WHERE "emails"."id" = $1 LIMIT $2[0m  [["id", 3], ["LIMIT", 1]]
  ↳ app/controllers/emails_controller.rb:43
  [1m[35m (0.1ms)[0m  [1m[35mBEGIN[0m
  ↳ app/controllers/emails_controller.rb:49
  [1m[36mEmail Destroy (0.3ms)[0m  [1m[31mDELETE FROM "emails" WHERE "emails"."id" = $1[0m  [["id", 3]]
  ↳ app/controllers/emails_controller.rb:49
  [1m[35m (1.3ms)[0m  [1m[35mCOMMIT[0m
  ↳ app/controllers/emails_controller.rb:49
  Rendering emails/destroy.js.erb
  Rendered emails/destroy.js.erb (0.3ms)
Completed 200 OK in 23ms (Views: 12.9ms | ActiveRecord: 2.2ms)


Started GET "/emails/4" for ::1 at 2020-08-27 19:20:08 +0200
Processing by EmailsController#show as JS
  Parameters: {"id"=>"4"}
  [1m[36mEmail Load (0.2ms)[0m  [1m[34mSELECT  "emails".* FROM "emails" WHERE "emails"."id" = $1 LIMIT $2[0m  [["id", 4], ["LIMIT", 1]]
  ↳ app/controllers/emails_controller.rb:7
  [1m[35m (0.1ms)[0m  [1m[35mBEGIN[0m
  ↳ app/controllers/emails_controller.rb:8
  [1m[36mEmail Update (0.3ms)[0m  [1m[33mUPDATE "emails" SET "read" = $1, "updated_at" = $2 WHERE "emails"."id" = $3[0m  [["read", true], ["updated_at", "2020-08-27 17:20:08.688561"], ["id", 4]]
  ↳ app/controllers/emails_controller.rb:8
  [1m[35m (1.3ms)[0m  [1m[35mCOMMIT[0m
  ↳ app/controllers/emails_controller.rb:8
  Rendering emails/show.js.erb
  Rendered emails/_show.html.erb (1.3ms)
  Rendered emails/show.js.erb (3.8ms)
Completed 200 OK in 23ms (Views: 14.7ms | ActiveRecord: 1.9ms)


Started GET "/emails/6" for ::1 at 2020-08-27 19:20:09 +0200
Processing by EmailsController#show as JS
  Parameters: {"id"=>"6"}
  [1m[36mEmail Load (0.2ms)[0m  [1m[34mSELECT  "emails".* FROM "emails" WHERE "emails"."id" = $1 LIMIT $2[0m  [["id", 6], ["LIMIT", 1]]
  ↳ app/controllers/emails_controller.rb:7
  [1m[35m (0.1ms)[0m  [1m[35mBEGIN[0m
  ↳ app/controllers/emails_controller.rb:8
  [1m[36mEmail Update (0.3ms)[0m  [1m[33mUPDATE "emails" SET "read" = $1, "updated_at" = $2 WHERE "emails"."id" = $3[0m  [["read", true], ["updated_at", "2020-08-27 17:20:09.854334"], ["id", 6]]
  ↳ app/controllers/emails_controller.rb:8
  [1m[35m (1.3ms)[0m  [1m[35mCOMMIT[0m
  ↳ app/controllers/emails_controller.rb:8
  Rendering emails/show.js.erb
  Rendered emails/_show.html.erb (1.1ms)
  Rendered emails/show.js.erb (3.7ms)
Completed 200 OK in 24ms (Views: 14.7ms | ActiveRecord: 1.9ms)


Started GET "/emails/2" for ::1 at 2020-08-27 19:20:11 +0200
Processing by EmailsController#show as JS
  Parameters: {"id"=>"2"}
  [1m[36mEmail Load (0.4ms)[0m  [1m[34mSELECT  "emails".* FROM "emails" WHERE "emails"."id" = $1 LIMIT $2[0m  [["id", 2], ["LIMIT", 1]]
  ↳ app/controllers/emails_controller.rb:7
  [1m[35m (0.1ms)[0m  [1m[35mBEGIN[0m
  ↳ app/controllers/emails_controller.rb:8
  [1m[35m (0.2ms)[0m  [1m[35mCOMMIT[0m
  ↳ app/controllers/emails_controller.rb:8
  Rendering emails/show.js.erb
  Rendered emails/_show.html.erb (1.3ms)
  Rendered emails/show.js.erb (4.6ms)
Completed 200 OK in 22ms (Views: 15.9ms | ActiveRecord: 0.7ms)


Started GET "/emails/1" for ::1 at 2020-08-27 19:20:11 +0200
Processing by EmailsController#show as JS
  Parameters: {"id"=>"1"}
  [1m[36mEmail Load (0.2ms)[0m  [1m[34mSELECT  "emails".* FROM "emails" WHERE "emails"."id" = $1 LIMIT $2[0m  [["id", 1], ["LIMIT", 1]]
  ↳ app/controllers/emails_controller.rb:7
  [1m[35m (0.2ms)[0m  [1m[35mBEGIN[0m
  ↳ app/controllers/emails_controller.rb:8
  [1m[35m (0.1ms)[0m  [1m[35mCOMMIT[0m
  ↳ app/controllers/emails_controller.rb:8
  Rendering emails/show.js.erb
  Rendered emails/_show.html.erb (1.3ms)
  Rendered emails/show.js.erb (3.8ms)
Completed 200 OK in 22ms (Views: 16.2ms | ActiveRecord: 0.5ms)


Started GET "/" for ::1 at 2020-08-27 19:22:17 +0200
Processing by EmailsController#index as HTML
  Rendering emails/index.html.erb within layouts/application
  [1m[36mEmail Load (0.4ms)[0m  [1m[34mSELECT "emails".* FROM "emails"[0m
  ↳ app/views/emails/index.html.erb:6
  Rendered emails/index.html.erb within layouts/application (3.0ms)
  Rendered layouts/_flash.html.erb (0.3ms)
Completed 200 OK in 82ms (Views: 78.2ms | ActiveRecord: 0.4ms)


Started GET "/emails/1" for ::1 at 2020-08-27 19:22:19 +0200
Processing by EmailsController#show as JS
  Parameters: {"id"=>"1"}
  [1m[36mEmail Load (0.2ms)[0m  [1m[34mSELECT  "emails".* FROM "emails" WHERE "emails"."id" = $1 LIMIT $2[0m  [["id", 1], ["LIMIT", 1]]
  ↳ app/controllers/emails_controller.rb:7
  [1m[35m (0.1ms)[0m  [1m[35mBEGIN[0m
  ↳ app/controllers/emails_controller.rb:8
  [1m[35m (0.2ms)[0m  [1m[35mCOMMIT[0m
  ↳ app/controllers/emails_controller.rb:8
  Rendering emails/show.js.erb
  Rendered emails/_show.html.erb (0.8ms)
  Rendered emails/show.js.erb (3.4ms)
Completed 200 OK in 20ms (Views: 15.1ms | ActiveRecord: 0.6ms)


Started GET "/emails/4" for ::1 at 2020-08-27 19:22:20 +0200
Processing by EmailsController#show as JS
  Parameters: {"id"=>"4"}
  [1m[36mEmail Load (0.2ms)[0m  [1m[34mSELECT  "emails".* FROM "emails" WHERE "emails"."id" = $1 LIMIT $2[0m  [["id", 4], ["LIMIT", 1]]
  ↳ app/controllers/emails_controller.rb:7
  [1m[35m (0.1ms)[0m  [1m[35mBEGIN[0m
  ↳ app/controllers/emails_controller.rb:8
  [1m[35m (0.1ms)[0m  [1m[35mCOMMIT[0m
  ↳ app/controllers/emails_controller.rb:8
  Rendering emails/show.js.erb
  Rendered emails/_show.html.erb (0.8ms)
  Rendered emails/show.js.erb (3.3ms)
Completed 200 OK in 20ms (Views: 14.9ms | ActiveRecord: 0.5ms)


Started GET "/" for ::1 at 2020-08-27 19:25:53 +0200
Processing by EmailsController#index as HTML
  Rendering emails/index.html.erb within layouts/application
  [1m[36mEmail Load (0.5ms)[0m  [1m[34mSELECT "emails".* FROM "emails"[0m
  ↳ app/views/emails/index.html.erb:6
  Rendered emails/index.html.erb within layouts/application (4.1ms)
  Rendered layouts/_flash.html.erb (0.4ms)
Completed 200 OK in 108ms (Views: 105.1ms | ActiveRecord: 0.5ms)


Started GET "/emails/4" for ::1 at 2020-08-27 19:25:54 +0200
Processing by EmailsController#show as JS
  Parameters: {"id"=>"4"}
  [1m[36mEmail Load (0.2ms)[0m  [1m[34mSELECT  "emails".* FROM "emails" WHERE "emails"."id" = $1 LIMIT $2[0m  [["id", 4], ["LIMIT", 1]]
  ↳ app/controllers/emails_controller.rb:7
  [1m[35m (0.1ms)[0m  [1m[35mBEGIN[0m
  ↳ app/controllers/emails_controller.rb:8
  [1m[35m (0.2ms)[0m  [1m[35mCOMMIT[0m
  ↳ app/controllers/emails_controller.rb:8
  Rendering emails/show.js.erb
  Rendered emails/_show.html.erb (0.9ms)
  Rendered emails/show.js.erb (3.4ms)
Completed 200 OK in 21ms (Views: 15.4ms | ActiveRecord: 0.5ms)


Started POST "/emails" for ::1 at 2020-08-27 19:25:55 +0200
Processing by EmailsController#create as JS
  Parameters: {"authenticity_token"=>"Ms7cHmPZCnMYzj6Y6UsSbXNRXzNAcwYhOqzUvaPe+bvc4/3raqLP4rSn0zoRrYh1R7V+8xyS4L6TKQVMHGMmow=="}
  [1m[35m (0.2ms)[0m  [1m[35mBEGIN[0m
  ↳ app/controllers/emails_controller.rb:18
  [1m[36mEmail Create (0.3ms)[0m  [1m[32mINSERT INTO "emails" ("object", "body", "created_at", "updated_at") VALUES ($1, $2, $3, $4) RETURNING "id"[0m  [["object", "Expecto Patronum"], ["body", "I solemnly swear that I am up to no good."], ["created_at", "2020-08-27 17:25:55.806394"], ["updated_at", "2020-08-27 17:25:55.806394"]]
  ↳ app/controllers/emails_controller.rb:18
  [1m[35m (1.3ms)[0m  [1m[35mCOMMIT[0m
  ↳ app/controllers/emails_controller.rb:18
  Rendering emails/create.js.erb
  Rendered emails/_email.html.erb (0.6ms)
  Rendered emails/create.js.erb (3.8ms)
Completed 200 OK in 22ms (Views: 15.1ms | ActiveRecord: 1.8ms)


Started GET "/emails/7" for ::1 at 2020-08-27 19:25:56 +0200
Processing by EmailsController#show as JS
  Parameters: {"id"=>"7"}
  [1m[36mEmail Load (0.8ms)[0m  [1m[34mSELECT  "emails".* FROM "emails" WHERE "emails"."id" = $1 LIMIT $2[0m  [["id", 7], ["LIMIT", 1]]
  ↳ app/controllers/emails_controller.rb:7
  [1m[35m (1.4ms)[0m  [1m[35mBEGIN[0m
  ↳ app/controllers/emails_controller.rb:8
  [1m[36mEmail Update (16.9ms)[0m  [1m[33mUPDATE "emails" SET "read" = $1, "updated_at" = $2 WHERE "emails"."id" = $3[0m  [["read", true], ["updated_at", "2020-08-27 17:25:56.541163"], ["id", 7]]
  ↳ app/controllers/emails_controller.rb:8
  [1m[35m (7.4ms)[0m  [1m[35mCOMMIT[0m
  ↳ app/controllers/emails_controller.rb:8
  Rendering emails/show.js.erb
  Rendered emails/_show.html.erb (1.0ms)
  Rendered emails/show.js.erb (4.0ms)
Completed 200 OK in 56ms (Views: 19.1ms | ActiveRecord: 26.5ms)


Started POST "/emails" for ::1 at 2020-08-27 19:25:58 +0200
Processing by EmailsController#create as JS
  Parameters: {"authenticity_token"=>"Ms7cHmPZCnMYzj6Y6UsSbXNRXzNAcwYhOqzUvaPe+bvc4/3raqLP4rSn0zoRrYh1R7V+8xyS4L6TKQVMHGMmow=="}
  [1m[35m (0.2ms)[0m  [1m[35mBEGIN[0m
  ↳ app/controllers/emails_controller.rb:18
  [1m[36mEmail Create (0.3ms)[0m  [1m[32mINSERT INTO "emails" ("object", "body", "created_at", "updated_at") VALUES ($1, $2, $3, $4) RETURNING "id"[0m  [["object", "Wingardium Leviosa"], ["body", "There are some things you can't share without ending up liking each other, and knocking out a twelve-foot mountain troll is one of them."], ["created_at", "2020-08-27 17:25:58.337115"], ["updated_at", "2020-08-27 17:25:58.337115"]]
  ↳ app/controllers/emails_controller.rb:18
  [1m[35m (1.2ms)[0m  [1m[35mCOMMIT[0m
  ↳ app/controllers/emails_controller.rb:18
  Rendering emails/create.js.erb
  Rendered emails/_email.html.erb (0.4ms)
  Rendered emails/create.js.erb (3.0ms)
Completed 200 OK in 21ms (Views: 14.8ms | ActiveRecord: 1.6ms)


Started GET "/emails/8" for ::1 at 2020-08-27 19:25:59 +0200
Processing by EmailsController#show as JS
  Parameters: {"id"=>"8"}
  [1m[36mEmail Load (0.4ms)[0m  [1m[34mSELECT  "emails".* FROM "emails" WHERE "emails"."id" = $1 LIMIT $2[0m  [["id", 8], ["LIMIT", 1]]
  ↳ app/controllers/emails_controller.rb:7
  [1m[35m (0.1ms)[0m  [1m[35mBEGIN[0m
  ↳ app/controllers/emails_controller.rb:8
  [1m[36mEmail Update (0.3ms)[0m  [1m[33mUPDATE "emails" SET "read" = $1, "updated_at" = $2 WHERE "emails"."id" = $3[0m  [["read", true], ["updated_at", "2020-08-27 17:25:59.207523"], ["id", 8]]
  ↳ app/controllers/emails_controller.rb:8
  [1m[35m (1.3ms)[0m  [1m[35mCOMMIT[0m
  ↳ app/controllers/emails_controller.rb:8
  Rendering emails/show.js.erb
  Rendered emails/_show.html.erb (0.9ms)
  Rendered emails/show.js.erb (3.4ms)
Completed 200 OK in 24ms (Views: 16.2ms | ActiveRecord: 2.1ms)


Started GET "/" for ::1 at 2020-08-27 19:26:22 +0200
Processing by EmailsController#index as HTML
  Rendering emails/index.html.erb within layouts/application
  [1m[36mEmail Load (0.3ms)[0m  [1m[34mSELECT "emails".* FROM "emails"[0m
  ↳ app/views/emails/index.html.erb:6
  Rendered emails/index.html.erb within layouts/application (2.7ms)
  Rendered layouts/_flash.html.erb (0.6ms)
Completed 200 OK in 57ms (Views: 52.9ms | ActiveRecord: 0.3ms)


Started GET "/emails/7" for ::1 at 2020-08-27 19:26:23 +0200
Processing by EmailsController#show as JS
  Parameters: {"id"=>"7"}
  [1m[36mEmail Load (0.2ms)[0m  [1m[34mSELECT  "emails".* FROM "emails" WHERE "emails"."id" = $1 LIMIT $2[0m  [["id", 7], ["LIMIT", 1]]
  ↳ app/controllers/emails_controller.rb:7
  [1m[35m (0.1ms)[0m  [1m[35mBEGIN[0m
  ↳ app/controllers/emails_controller.rb:8
  [1m[35m (0.1ms)[0m  [1m[35mCOMMIT[0m
  ↳ app/controllers/emails_controller.rb:8
  Rendering emails/show.js.erb
  Rendered emails/_show.html.erb (0.9ms)
  Rendered emails/show.js.erb (3.4ms)
Completed 200 OK in 21ms (Views: 15.6ms | ActiveRecord: 0.5ms)


Started GET "/emails/8" for ::1 at 2020-08-27 19:26:24 +0200
Processing by EmailsController#show as JS
  Parameters: {"id"=>"8"}
  [1m[36mEmail Load (0.2ms)[0m  [1m[34mSELECT  "emails".* FROM "emails" WHERE "emails"."id" = $1 LIMIT $2[0m  [["id", 8], ["LIMIT", 1]]
  ↳ app/controllers/emails_controller.rb:7
  [1m[35m (0.1ms)[0m  [1m[35mBEGIN[0m
  ↳ app/controllers/emails_controller.rb:8
  [1m[35m (0.1ms)[0m  [1m[35mCOMMIT[0m
  ↳ app/controllers/emails_controller.rb:8
  Rendering emails/show.js.erb
  Rendered emails/_show.html.erb (0.9ms)
  Rendered emails/show.js.erb (3.5ms)
Completed 200 OK in 20ms (Views: 15.0ms | ActiveRecord: 0.5ms)


Started GET "/emails/4" for ::1 at 2020-08-27 19:26:25 +0200
Processing by EmailsController#show as JS
  Parameters: {"id"=>"4"}
  [1m[36mEmail Load (0.2ms)[0m  [1m[34mSELECT  "emails".* FROM "emails" WHERE "emails"."id" = $1 LIMIT $2[0m  [["id", 4], ["LIMIT", 1]]
  ↳ app/controllers/emails_controller.rb:7
  [1m[35m (0.1ms)[0m  [1m[35mBEGIN[0m
  ↳ app/controllers/emails_controller.rb:8
  [1m[35m (0.1ms)[0m  [1m[35mCOMMIT[0m
  ↳ app/controllers/emails_controller.rb:8
  Rendering emails/show.js.erb
  Rendered emails/_show.html.erb (0.9ms)
  Rendered emails/show.js.erb (3.4ms)
Completed 200 OK in 20ms (Views: 14.6ms | ActiveRecord: 0.5ms)


Started GET "/emails/6" for ::1 at 2020-08-27 19:26:26 +0200
Processing by EmailsController#show as JS
  Parameters: {"id"=>"6"}
  [1m[36mEmail Load (0.2ms)[0m  [1m[34mSELECT  "emails".* FROM "emails" WHERE "emails"."id" = $1 LIMIT $2[0m  [["id", 6], ["LIMIT", 1]]
  ↳ app/controllers/emails_controller.rb:7
  [1m[35m (0.1ms)[0m  [1m[35mBEGIN[0m
  ↳ app/controllers/emails_controller.rb:8
  [1m[35m (0.1ms)[0m  [1m[35mCOMMIT[0m
  ↳ app/controllers/emails_controller.rb:8
  Rendering emails/show.js.erb
  Rendered emails/_show.html.erb (1.0ms)
  Rendered emails/show.js.erb (3.8ms)
Completed 200 OK in 20ms (Views: 14.4ms | ActiveRecord: 0.5ms)


Started POST "/emails" for ::1 at 2020-08-27 19:27:07 +0200
Processing by EmailsController#create as JS
  Parameters: {"authenticity_token"=>"Jfe5F1wjGPFArY84Xbx8FF6oDFiAoDgryGnfjJgTaw3L2pjiVVjdYOzEYpqlWuYMakwtmNxB3rRh7A59J660FQ=="}
  [1m[35m (0.5ms)[0m  [1m[35mBEGIN[0m
  ↳ app/controllers/emails_controller.rb:18
  [1m[36mEmail Create (0.3ms)[0m  [1m[32mINSERT INTO "emails" ("object", "body", "created_at", "updated_at") VALUES ($1, $2, $3, $4) RETURNING "id"[0m  [["object", "Lumos"], ["body", "We could all have been killed - or worse, expelled."], ["created_at", "2020-08-27 17:27:07.288963"], ["updated_at", "2020-08-27 17:27:07.288963"]]
  ↳ app/controllers/emails_controller.rb:18
  [1m[35m (1.2ms)[0m  [1m[35mCOMMIT[0m
  ↳ app/controllers/emails_controller.rb:18
  Rendering emails/create.js.erb
  Rendered emails/_email.html.erb (0.9ms)
  Rendered emails/create.js.erb (6.0ms)
Completed 200 OK in 33ms (Views: 25.6ms | ActiveRecord: 2.1ms)


Started POST "/emails" for ::1 at 2020-08-27 19:27:08 +0200
Processing by EmailsController#create as JS
  Parameters: {"authenticity_token"=>"Jfe5F1wjGPFArY84Xbx8FF6oDFiAoDgryGnfjJgTaw3L2pjiVVjdYOzEYpqlWuYMakwtmNxB3rRh7A59J660FQ=="}
  [1m[35m (0.2ms)[0m  [1m[35mBEGIN[0m
  ↳ app/controllers/emails_controller.rb:18
  [1m[36mEmail Create (0.3ms)[0m  [1m[32mINSERT INTO "emails" ("object", "body", "created_at", "updated_at") VALUES ($1, $2, $3, $4) RETURNING "id"[0m  [["object", "Sectumsempra"], ["body", "It takes a great deal of bravery to stand up to our enemies, but just as much to stand up to our friends."], ["created_at", "2020-08-27 17:27:08.044306"], ["updated_at", "2020-08-27 17:27:08.044306"]]
  ↳ app/controllers/emails_controller.rb:18
  [1m[35m (1.3ms)[0m  [1m[35mCOMMIT[0m
  ↳ app/controllers/emails_controller.rb:18
  Rendering emails/create.js.erb
  Rendered emails/_email.html.erb (0.5ms)
  Rendered emails/create.js.erb (6.5ms)
Completed 200 OK in 40ms (Views: 31.7ms | ActiveRecord: 1.8ms)


